# JRE version: OpenJDK Runtime Environment (24.0+36) (build 24+36-3646)
# Java VM: OpenJDK 64-Bit Server VM (24+36-3646, mixed mode, sharing, tiered, compressed oops, compressed class ptrs, g1 gc, windows-amd64)
GC Precious Log:
 CardTable entry size: 512
 Card Set container configuration: InlinePtr #cards 4 size 8 Array Of Cards #cards 16 size 48 Howl #buckets 8 coarsen threshold 3686 Howl Bitmap #cards 512 size 80 coarsen threshold 460 Card regions per heap region 1 cards per card region 4096
 CPUs: 8 total, 8 available
 Memory: 16221M
 Large Page Support: Disabled
 NUMA Support: Disabled
 Compressed Oops: Enabled (Zero based)
 Heap Region Size: 2M
 Heap Min Capacity: 8M
 Heap Initial Capacity: 254M
 Heap Max Capacity: 4056M
 Pre-touch: Disabled
 Parallel Workers: 8
 Concurrent Workers: 2
 Concurrent Refinement Workers: 8
 Periodic GC: Disabled
Heap:
 garbage-first heap   total reserved 4153344K, committed 110592K, used 46899K [0x0000000702800000, 0x0000000800000000)
  region size 2048K, 10 young (20480K), 4 survivors (8192K)
 Metaspace       used 83355K, committed 84032K, reserved 1179648K
  class space    used 9258K, committed 9536K, reserved 1048576K
GC Heap History (20 events):
Event: 3.876 GC heap before
{Heap before GC invocations=1 (full 0):
 garbage-first heap   total reserved 4153344K, committed 262144K, used 43426K [0x0000000702800000, 0x0000000800000000)
  region size 2048K, 20 young (40960K), 3 survivors (6144K)
 Metaspace       used 21242K, committed 21504K, reserved 1114112K
  class space    used 2101K, committed 2240K, reserved 1048576K
}
Event: 3.887 GC heap after
{Heap after GC invocations=2 (full 0):
 garbage-first heap   total reserved 4153344K, committed 262144K, used 14889K [0x0000000702800000, 0x0000000800000000)
  region size 2048K, 6 young (12288K), 6 survivors (12288K)
 Metaspace       used 21242K, committed 21504K, reserved 1114112K
  class space    used 2101K, committed 2240K, reserved 1048576K
}
Event: 4.549 GC heap before
{Heap before GC invocations=3 (full 0):
 garbage-first heap   total reserved 4153344K, committed 61440K, used 39465K [0x0000000702800000, 0x0000000800000000)
  region size 2048K, 18 young (36864K), 6 survivors (12288K)
 Metaspace       used 25819K, committed 26112K, reserved 1114112K
  class space    used 2511K, committed 2624K, reserved 1048576K
}
Event: 4.564 GC heap after
{Heap after GC invocations=4 (full 0):
 garbage-first heap   total reserved 4153344K, committed 61440K, used 18026K [0x0000000702800000, 0x0000000800000000)
  region size 2048K, 2 young (4096K), 2 survivors (4096K)
 Metaspace       used 25819K, committed 26112K, reserved 1114112K
  class space    used 2511K, committed 2624K, reserved 1048576K
}
Event: 5.266 GC heap before
{Heap before GC invocations=4 (full 0):
 garbage-first heap   total reserved 4153344K, committed 61440K, used 40554K [0x0000000702800000, 0x0000000800000000)
  region size 2048K, 14 young (28672K), 2 survivors (4096K)
 Metaspace       used 29317K, committed 29632K, reserved 1114112K
  class space    used 2926K, committed 3072K, reserved 1048576K
}
Event: 5.287 GC heap after
{Heap after GC invocations=5 (full 0):
 garbage-first heap   total reserved 4153344K, committed 61440K, used 21009K [0x0000000702800000, 0x0000000800000000)
  region size 2048K, 2 young (4096K), 2 survivors (4096K)
 Metaspace       used 29317K, committed 29632K, reserved 1114112K
  class space    used 2926K, committed 3072K, reserved 1048576K
}
Event: 6.712 GC heap before
{Heap before GC invocations=5 (full 0):
 garbage-first heap   total reserved 4153344K, committed 61440K, used 45585K [0x0000000702800000, 0x0000000800000000)
  region size 2048K, 14 young (28672K), 2 survivors (4096K)
 Metaspace       used 33392K, committed 33728K, reserved 1114112K
  class space    used 3360K, committed 3520K, reserved 1048576K
}
Event: 6.725 GC heap after
{Heap after GC invocations=6 (full 0):
 garbage-first heap   total reserved 4153344K, committed 61440K, used 22939K [0x0000000702800000, 0x0000000800000000)
  region size 2048K, 1 young (2048K), 1 survivors (2048K)
 Metaspace       used 33392K, committed 33728K, reserved 1114112K
  class space    used 3360K, committed 3520K, reserved 1048576K
}
Event: 7.268 GC heap before
{Heap before GC invocations=6 (full 0):
 garbage-first heap   total reserved 4153344K, committed 61440K, used 35227K [0x0000000702800000, 0x0000000800000000)
  region size 2048K, 8 young (16384K), 1 survivors (2048K)
 Metaspace       used 35793K, committed 36096K, reserved 1114112K
  class space    used 3629K, committed 3776K, reserved 1048576K
}
Event: 7.282 GC heap after
{Heap after GC invocations=7 (full 0):
 garbage-first heap   total reserved 4153344K, committed 61440K, used 24239K [0x0000000702800000, 0x0000000800000000)
  region size 2048K, 2 young (4096K), 2 survivors (4096K)
 Metaspace       used 35793K, committed 36096K, reserved 1114112K
  class space    used 3629K, committed 3776K, reserved 1048576K
}
Event: 9.078 GC heap before
{Heap before GC invocations=8 (full 0):
 garbage-first heap   total reserved 4153344K, committed 61440K, used 48815K [0x0000000702800000, 0x0000000800000000)
  region size 2048K, 14 young (28672K), 2 survivors (4096K)
 Metaspace       used 39907K, committed 40384K, reserved 1114112K
  class space    used 4134K, committed 4352K, reserved 1048576K
}
Event: 9.101 GC heap after
{Heap after GC invocations=9 (full 0):
 garbage-first heap   total reserved 4153344K, committed 61440K, used 26488K [0x0000000702800000, 0x0000000800000000)
  region size 2048K, 2 young (4096K), 2 survivors (4096K)
 Metaspace       used 39907K, committed 40384K, reserved 1114112K
  class space    used 4134K, committed 4352K, reserved 1048576K
}
Event: 10.414 GC heap before
{Heap before GC invocations=9 (full 0):
 garbage-first heap   total reserved 4153344K, committed 61440K, used 49016K [0x0000000702800000, 0x0000000800000000)
  region size 2048K, 13 young (26624K), 2 survivors (4096K)
 Metaspace       used 45339K, committed 45824K, reserved 1114112K
  class space    used 4797K, committed 4992K, reserved 1048576K
}
Event: 10.436 GC heap after
{Heap after GC invocations=10 (full 0):
 garbage-first heap   total reserved 4153344K, committed 161792K, used 28061K [0x0000000702800000, 0x0000000800000000)
  region size 2048K, 1 young (2048K), 1 survivors (2048K)
 Metaspace       used 45339K, committed 45824K, reserved 1114112K
  class space    used 4797K, committed 4992K, reserved 1048576K
}
Event: 14.181 GC heap before
{Heap before GC invocations=10 (full 0):
 garbage-first heap   total reserved 4153344K, committed 161792K, used 75165K [0x0000000702800000, 0x0000000800000000)
  region size 2048K, 26 young (53248K), 1 survivors (2048K)
 Metaspace       used 59904K, committed 60288K, reserved 1114112K
  class space    used 6176K, committed 6336K, reserved 1048576K
}
Event: 14.199 GC heap after
{Heap after GC invocations=11 (full 0):
 garbage-first heap   total reserved 4153344K, committed 161792K, used 31302K [0x0000000702800000, 0x0000000800000000)
  region size 2048K, 3 young (6144K), 3 survivors (6144K)
 Metaspace       used 59904K, committed 60288K, reserved 1114112K
  class space    used 6176K, committed 6336K, reserved 1048576K
}
Event: 17.573 GC heap before
{Heap before GC invocations=12 (full 0):
 garbage-first heap   total reserved 4153344K, committed 110592K, used 90694K [0x0000000702800000, 0x0000000800000000)
  region size 2048K, 32 young (65536K), 3 survivors (6144K)
 Metaspace       used 72573K, committed 73152K, reserved 1179648K
  class space    used 7789K, committed 8064K, reserved 1048576K
}
Event: 17.584 GC heap after
{Heap after GC invocations=13 (full 0):
 garbage-first heap   total reserved 4153344K, committed 110592K, used 35536K [0x0000000702800000, 0x0000000800000000)
  region size 2048K, 4 young (8192K), 4 survivors (8192K)
 Metaspace       used 72573K, committed 73152K, reserved 1179648K
  class space    used 7789K, committed 8064K, reserved 1048576K
}
Event: 21.173 GC heap before
{Heap before GC invocations=13 (full 0):
 garbage-first heap   total reserved 4153344K, committed 110592K, used 88784K [0x0000000702800000, 0x0000000800000000)
  region size 2048K, 30 young (61440K), 4 survivors (8192K)
 Metaspace       used 81515K, committed 82176K, reserved 1179648K
  class space    used 8889K, committed 9152K, reserved 1048576K
}
Event: 21.190 GC heap after
{Heap after GC invocations=14 (full 0):
 garbage-first heap   total reserved 4153344K, committed 110592K, used 38707K [0x0000000702800000, 0x0000000800000000)
  region size 2048K, 4 young (8192K), 4 survivors (8192K)
 Metaspace       used 81515K, committed 82176K, reserved 1179648K
  class space    used 8889K, committed 9152K, reserved 1048576K
}

