# JRE version: OpenJDK Runtime Environment (24.0+36) (build 24+36-3646)
# Java VM: OpenJDK 64-Bit Server VM (24+36-3646, mixed mode, sharing, tiered, compressed oops, compressed class ptrs, g1 gc, windows-amd64)
GC Precious Log:
 CardTable entry size: 512
 Card Set container configuration: InlinePtr #cards 4 size 8 Array Of Cards #cards 16 size 48 Howl #buckets 8 coarsen threshold 3686 Howl Bitmap #cards 512 size 80 coarsen threshold 460 Card regions per heap region 1 cards per card region 4096
 CPUs: 8 total, 8 available
 Memory: 16221M
 Large Page Support: Disabled
 NUMA Support: Disabled
 Compressed Oops: Enabled (Zero based)
 Heap Region Size: 2M
 Heap Min Capacity: 8M
 Heap Initial Capacity: 254M
 Heap Max Capacity: 4056M
 Pre-touch: Disabled
 Parallel Workers: 8
 Concurrent Workers: 2
 Concurrent Refinement Workers: 8
 Periodic GC: Disabled
Heap:
 garbage-first heap   total reserved 4153344K, committed 61440K, used 44937K [0x0000000702800000, 0x0000000800000000)
  region size 2048K, 7 young (14336K), 2 survivors (4096K)
 Metaspace       used 76982K, committed 77568K, reserved 1179648K
  class space    used 8362K, committed 8640K, reserved 1048576K
GC Heap History (20 events):
Event: 39.113 GC heap before
{Heap before GC invocations=10 (full 0):
 garbage-first heap   total reserved 4153344K, committed 55296K, used 45851K [0x0000000702800000, 0x0000000800000000)
  region size 2048K, 12 young (24576K), 2 survivors (4096K)
 Metaspace       used 44009K, committed 44480K, reserved 1114112K
  class space    used 4600K, committed 4800K, reserved 1048576K
}
Event: 39.126 GC heap after
{Heap after GC invocations=11 (full 0):
 garbage-first heap   total reserved 4153344K, committed 55296K, used 26677K [0x0000000702800000, 0x0000000800000000)
  region size 2048K, 2 young (4096K), 2 survivors (4096K)
 Metaspace       used 44009K, committed 44480K, reserved 1114112K
  class space    used 4600K, committed 4800K, reserved 1048576K
}
Event: 42.427 GC heap before
{Heap before GC invocations=11 (full 0):
 garbage-first heap   total reserved 4153344K, committed 55296K, used 45109K [0x0000000702800000, 0x0000000800000000)
  region size 2048K, 11 young (22528K), 2 survivors (4096K)
 Metaspace       used 48783K, committed 49280K, reserved 1114112K
  class space    used 5159K, committed 5376K, reserved 1048576K
}
Event: 42.438 GC heap after
{Heap after GC invocations=12 (full 0):
 garbage-first heap   total reserved 4153344K, committed 55296K, used 28253K [0x0000000702800000, 0x0000000800000000)
  region size 2048K, 2 young (4096K), 2 survivors (4096K)
 Metaspace       used 48783K, committed 49280K, reserved 1114112K
  class space    used 5159K, committed 5376K, reserved 1048576K
}
Event: 47.483 GC heap before
{Heap before GC invocations=12 (full 0):
 garbage-first heap   total reserved 4153344K, committed 55296K, used 44637K [0x0000000702800000, 0x0000000800000000)
  region size 2048K, 10 young (20480K), 2 survivors (4096K)
 Metaspace       used 53887K, committed 54336K, reserved 1114112K
  class space    used 5666K, committed 5824K, reserved 1048576K
}
Event: 47.493 GC heap after
{Heap after GC invocations=13 (full 0):
 garbage-first heap   total reserved 4153344K, committed 55296K, used 29575K [0x0000000702800000, 0x0000000800000000)
  region size 2048K, 2 young (4096K), 2 survivors (4096K)
 Metaspace       used 53887K, committed 54336K, reserved 1114112K
  class space    used 5666K, committed 5824K, reserved 1048576K
}
Event: 49.880 GC heap before
{Heap before GC invocations=14 (full 0):
 garbage-first heap   total reserved 4153344K, committed 55296K, used 43911K [0x0000000702800000, 0x0000000800000000)
  region size 2048K, 9 young (18432K), 2 survivors (4096K)
 Metaspace       used 57179K, committed 57664K, reserved 1114112K
  class space    used 5954K, committed 6144K, reserved 1048576K
}
Event: 49.888 GC heap after
{Heap after GC invocations=15 (full 0):
 garbage-first heap   total reserved 4153344K, committed 55296K, used 30771K [0x0000000702800000, 0x0000000800000000)
  region size 2048K, 2 young (4096K), 2 survivors (4096K)
 Metaspace       used 57179K, committed 57664K, reserved 1114112K
  class space    used 5954K, committed 6144K, reserved 1048576K
}
Event: 52.849 GC heap before
{Heap before GC invocations=15 (full 0):
 garbage-first heap   total reserved 4153344K, committed 55296K, used 43059K [0x0000000702800000, 0x0000000800000000)
  region size 2048K, 9 young (18432K), 2 survivors (4096K)
 Metaspace       used 62734K, committed 63168K, reserved 1114112K
  class space    used 6666K, committed 6848K, reserved 1048576K
}
Event: 52.859 GC heap after
{Heap after GC invocations=16 (full 0):
 garbage-first heap   total reserved 4153344K, committed 55296K, used 30835K [0x0000000702800000, 0x0000000800000000)
  region size 2048K, 1 young (2048K), 1 survivors (2048K)
 Metaspace       used 62734K, committed 63168K, reserved 1114112K
  class space    used 6666K, committed 6848K, reserved 1048576K
}
Event: 55.782 GC heap before
{Heap before GC invocations=16 (full 0):
 garbage-first heap   total reserved 4153344K, committed 55296K, used 47219K [0x0000000702800000, 0x0000000800000000)
  region size 2048K, 9 young (18432K), 1 survivors (2048K)
 Metaspace       used 67191K, committed 67712K, reserved 1114112K
  class space    used 7224K, committed 7424K, reserved 1048576K
}
Event: 55.789 GC heap after
{Heap after GC invocations=17 (full 0):
 garbage-first heap   total reserved 4153344K, committed 55296K, used 31539K [0x0000000702800000, 0x0000000800000000)
  region size 2048K, 2 young (4096K), 2 survivors (4096K)
 Metaspace       used 67191K, committed 67712K, reserved 1114112K
  class space    used 7224K, committed 7424K, reserved 1048576K
}
Event: 58.031 GC heap before
{Heap before GC invocations=18 (full 0):
 garbage-first heap   total reserved 4153344K, committed 59392K, used 41779K [0x0000000702800000, 0x0000000800000000)
  region size 2048K, 8 young (16384K), 2 survivors (4096K)
 Metaspace       used 68834K, committed 69312K, reserved 1114112K
  class space    used 7403K, committed 7616K, reserved 1048576K
}
Event: 58.040 GC heap after
{Heap after GC invocations=19 (full 0):
 garbage-first heap   total reserved 4153344K, committed 59392K, used 32819K [0x0000000702800000, 0x0000000800000000)
  region size 2048K, 1 young (2048K), 1 survivors (2048K)
 Metaspace       used 68834K, committed 69312K, reserved 1114112K
  class space    used 7403K, committed 7616K, reserved 1048576K
}
Event: 61.554 GC heap before
{Heap before GC invocations=19 (full 0):
 garbage-first heap   total reserved 4153344K, committed 59392K, used 51251K [0x0000000702800000, 0x0000000800000000)
  region size 2048K, 10 young (20480K), 1 survivors (2048K)
 Metaspace       used 72086K, committed 72640K, reserved 1114112K
  class space    used 7749K, committed 8000K, reserved 1048576K
}
Event: 61.571 GC heap after
{Heap after GC invocations=20 (full 0):
 garbage-first heap   total reserved 4153344K, committed 59392K, used 34160K [0x0000000702800000, 0x0000000800000000)
  region size 2048K, 2 young (4096K), 2 survivors (4096K)
 Metaspace       used 72086K, committed 72640K, reserved 1114112K
  class space    used 7749K, committed 8000K, reserved 1048576K
}
Event: 65.425 GC heap before
{Heap before GC invocations=20 (full 0):
 garbage-first heap   total reserved 4153344K, committed 59392K, used 50544K [0x0000000702800000, 0x0000000800000000)
  region size 2048K, 10 young (20480K), 2 survivors (4096K)
 Metaspace       used 73919K, committed 74560K, reserved 1179648K
  class space    used 7993K, committed 8256K, reserved 1048576K
}
Event: 65.437 GC heap after
{Heap after GC invocations=21 (full 0):
 garbage-first heap   total reserved 4153344K, committed 59392K, used 35544K [0x0000000702800000, 0x0000000800000000)
  region size 2048K, 2 young (4096K), 2 survivors (4096K)
 Metaspace       used 73919K, committed 74560K, reserved 1179648K
  class space    used 7993K, committed 8256K, reserved 1048576K
}
Event: 71.465 GC heap before
{Heap before GC invocations=22 (full 0):
 garbage-first heap   total reserved 4153344K, committed 61440K, used 49880K [0x0000000702800000, 0x0000000800000000)
  region size 2048K, 9 young (18432K), 2 survivors (4096K)
 Metaspace       used 75951K, committed 76672K, reserved 1179648K
  class space    used 8247K, committed 8576K, reserved 1048576K
}
Event: 71.475 GC heap after
{Heap after GC invocations=23 (full 0):
 garbage-first heap   total reserved 4153344K, committed 61440K, used 36745K [0x0000000702800000, 0x0000000800000000)
  region size 2048K, 2 young (4096K), 2 survivors (4096K)
 Metaspace       used 75951K, committed 76672K, reserved 1179648K
  class space    used 8247K, committed 8576K, reserved 1048576K
}

